{
  "stats": {
    "suites": 1,
    "tests": 1,
    "passes": 1,
    "pending": 0,
    "failures": 0,
    "start": "2023-10-16T17:22:50.472Z",
    "end": "2023-10-16T17:22:55.944Z",
    "duration": 5472,
    "testsRegistered": 1,
    "passPercent": 100,
    "pendingPercent": 0,
    "other": 0,
    "hasOther": false,
    "skipped": 0,
    "hasSkipped": false
  },
  "results": [
    {
      "uuid": "11bc3b2b-a67b-40ba-a5e9-1d47c1c2e6e3",
      "title": "",
      "fullFile": "/Users/arielschwindt/Projects/ucc/TPs/classInt/angular-sample/angular-sample_test.js",
      "file": "/angular-sample_test.js",
      "beforeHooks": [],
      "afterHooks": [],
      "tests": [],
      "suites": [
        {
          "uuid": "67f91eb6-41be-4695-b6d0-ac2a8cc72a67",
          "title": "sample",
          "fullFile": "/Users/arielschwindt/Projects/ucc/TPs/classInt/angular-sample/angular-sample_test.js",
          "file": "/angular-sample_test.js",
          "beforeHooks": [
            {
              "title": "\"before all\" hook: codeceptjs.beforeSuite in \"sample\"",
              "fullTitle": "sample \"before all\" hook: codeceptjs.beforeSuite in \"sample\"",
              "timedOut": false,
              "duration": 425,
              "state": null,
              "speed": null,
              "pass": false,
              "fail": false,
              "pending": false,
              "context": null,
              "code": "scenario.suiteSetup(suite)",
              "err": {},
              "uuid": "f5b6e142-7a89-46a1-abb0-3b9ba7020810",
              "parentUUID": "67f91eb6-41be-4695-b6d0-ac2a8cc72a67",
              "isHook": true,
              "skipped": false
            },
            {
              "title": "\"before each\" hook: codeceptjs.before in \"sample\"",
              "fullTitle": "sample \"before each\" hook: codeceptjs.before in \"sample\"",
              "timedOut": false,
              "duration": 352,
              "state": null,
              "speed": null,
              "pass": false,
              "fail": false,
              "pending": false,
              "context": null,
              "code": "scenario.setup(suite)",
              "err": {},
              "uuid": "f84d2173-5251-4907-87c8-47a5eb951f17",
              "parentUUID": "67f91eb6-41be-4695-b6d0-ac2a8cc72a67",
              "isHook": true,
              "skipped": false
            }
          ],
          "afterHooks": [
            {
              "title": "\"after all\" hook: codeceptjs.afterSuite in \"sample\"",
              "fullTitle": "sample \"after all\" hook: codeceptjs.afterSuite in \"sample\"",
              "timedOut": false,
              "duration": 0,
              "state": null,
              "speed": null,
              "pass": false,
              "fail": false,
              "pending": false,
              "context": null,
              "code": "scenario.suiteTeardown(suite)",
              "err": {},
              "uuid": "06d7793d-e348-4e45-9919-8f4d864f1b4b",
              "parentUUID": "67f91eb6-41be-4695-b6d0-ac2a8cc72a67",
              "isHook": true,
              "skipped": false
            },
            {
              "title": "\"after each\" hook: finalize codeceptjs in \"sample\"",
              "fullTitle": "sample \"after each\" hook: finalize codeceptjs in \"sample\"",
              "timedOut": false,
              "duration": 14,
              "state": null,
              "speed": null,
              "pass": false,
              "fail": false,
              "pending": false,
              "context": null,
              "code": "scenario.teardown(suite)",
              "err": {},
              "uuid": "8791ff91-73d8-46a1-8657-cb61f7eef4a6",
              "parentUUID": "67f91eb6-41be-4695-b6d0-ac2a8cc72a67",
              "isHook": true,
              "skipped": false
            }
          ],
          "tests": [
            {
              "title": "Unificado",
              "fullTitle": "sample: Unificado",
              "timedOut": false,
              "duration": 4678,
              "state": "passed",
              "speed": "slow",
              "pass": true,
              "fail": false,
              "pending": false,
              "context": null,
              "code": "I }) => {\n    I.amOnPage('http://localhost:4200');\n\tI.click('Register');\n\tI.amOnPage('/account/register')\n    I.see('Login');\n\tI.fillField('[formcontrolname=\"firstName\"]','emilia');\n\tI.fillField('[formcontrolname=\"lastName\"]','Schwindt');\n\tI.fillField('[formcontrolname=\"username\"]','emilia');\n\tI.fillField('[formcontrolname=\"password\"]','1234567890');\n\tI.click('Register');\n  \t\n    I.amOnPage('http://localhost:4200');\n    I.see('Login');\n\tI.fillField('[formcontrolname=\"username\"]','juan');\n\tI.fillField('[formcontrolname=\"password\"]','123456');\n\tI.click('Login');\n\tI.see('Username or password is incorrect');\n  \t\n\t\n\tI.amOnPage('http://localhost:4200');\n\tI.see('Login');\n\tI.fillField('[formcontrolname=\"username\"]','emilia');\n\tI.fillField('[formcontrolname=\"password\"]','1234567890');\n\tI.click('Login');\n\tI.see('Hi emilia','H1');",
              "err": {},
              "uuid": "f352eeb5-b4b7-4799-945a-8bc96f7b88a5",
              "parentUUID": "67f91eb6-41be-4695-b6d0-ac2a8cc72a67",
              "isHook": false,
              "skipped": false
            }
          ],
          "suites": [],
          "passes": [
            "f352eeb5-b4b7-4799-945a-8bc96f7b88a5"
          ],
          "failures": [],
          "pending": [],
          "skipped": [],
          "duration": 4678,
          "root": false,
          "rootEmpty": false,
          "_timeout": 0
        }
      ],
      "passes": [],
      "failures": [],
      "pending": [],
      "skipped": [],
      "duration": 0,
      "root": true,
      "rootEmpty": true,
      "_timeout": 0
    }
  ],
  "meta": {
    "mocha": {
      "version": "10.2.0"
    },
    "mochawesome": {
      "options": {
        "quiet": false,
        "reportFilename": "mochawesome-report",
        "saveHtml": true,
        "saveJson": true,
        "consoleReporter": "spec",
        "useInlineDiffs": false,
        "code": true
      },
      "version": "7.1.3"
    },
    "marge": {
      "options": {
        "reportDir": "./output",
        "reportFilename": "mochawesome-report"
      },
      "version": "6.2.0"
    }
  }
}